21:39:32 **** Incremental Build of configuration Debug for project Intersection ****
make all 
Building file: ../Source/intersection.cpp
Invoking: GCC C++ Compiler
g++ -O0 -g3 -Wall -c -fmessage-length=0 -MMD -MP -MF"Source/intersection.d" -MT"Source/intersection.d" -o "Source/intersection.o" "../Source/intersection.cpp"
In file included from ../Source/intersection.cpp:3:0:
../Source/../../../../../Carlos LL/LinkedList.h: In member function ‘void LinkedList<T>::print()’:
../Source/../../../../../Carlos LL/LinkedList.h:314:2: error: ‘cout’ was not declared in this scope
  cout << "INICIO ";
  ^
../Source/../../../../../Carlos LL/LinkedList.h:314:2: note: suggested alternative:
In file included from ../Source/intersection.cpp:1:0:
/usr/include/c++/5/iostream:61:18: note:   ‘std::cout’
   extern ostream cout;  /// Linked to standard output
                  ^
In file included from ../Source/intersection.cpp:3:0:
../Source/../../../../../Carlos LL/LinkedList.h:320:19: error: ‘endl’ was not declared in this scope
  cout << "FIN" << endl;
                   ^
../Source/../../../../../Carlos LL/LinkedList.h:320:19: note: suggested alternative:
In file included from /usr/include/c++/5/iostream:39:0,
                 from ../Source/intersection.cpp:1:
/usr/include/c++/5/ostream:590:5: note:   ‘std::endl’
     endl(basic_ostream<_CharT, _Traits>& __os)
     ^
In file included from ../Source/intersection.cpp:3:0:
../Source/../../../../../Carlos LL/LinkedList.h: In member function ‘bool LinkedList<T>::isPalindrome()’:
../Source/../../../../../Carlos LL/LinkedList.h:508:2: error: ‘stack’ was not declared in this scope
  stack<int> pila;
  ^
../Source/../../../../../Carlos LL/LinkedList.h:508:2: note: suggested alternative:
In file included from /usr/include/c++/5/stack:61:0,
                 from ../Source/../../../../../Carlos LL/LinkedList.h:1,
                 from ../Source/intersection.cpp:3:
/usr/include/c++/5/bits/stl_stack.h:99:11: note:   ‘std::stack’
     class stack
           ^
In file included from ../Source/intersection.cpp:3:0:
../Source/../../../../../Carlos LL/LinkedList.h:508:8: error: expected primary-expression before ‘int’
  stack<int> pila;
        ^
../Source/../../../../../Carlos LL/LinkedList.h:512:3: error: ‘pila’ was not declared in this scope
   pila.push(slow->getData());
   ^
../Source/../../../../../Carlos LL/LinkedList.h:524:13: error: ‘pila’ was not declared in this scope
   int top = pila.top();
             ^
../Source/../../../../../Carlos LL/LinkedList.h: In member function ‘void LinkedList<T>::deleteDups()’:
../Source/../../../../../Carlos LL/LinkedList.h:545:2: error: ‘map’ was not declared in this scope
  map<T, bool> hash;
  ^
../Source/../../../../../Carlos LL/LinkedList.h:545:7: error: expected primary-expression before ‘,’ token
  map<T, bool> hash;
       ^
../Source/../../../../../Carlos LL/LinkedList.h:545:9: error: expected primary-expression before ‘bool’
  map<T, bool> hash;
         ^
../Source/../../../../../Carlos LL/LinkedList.h:551:7: error: ‘hash’ was not declared in this scope
   if (hash[act->getData()])
       ^
make: *** [Source/intersection.o] Error 1
Source/subdir.mk:18: recipe for target 'Source/intersection.o' failed
21:41:52 **** Incremental Build of configuration Debug for project Intersection ****
make all 
Building file: ../Source/intersection.cpp
Invoking: GCC C++ Compiler
g++ -O0 -g3 -Wall -c -fmessage-length=0 -MMD -MP -MF"Source/intersection.d" -MT"Source/intersection.d" -o "Source/intersection.o" "../Source/intersection.cpp"
In file included from ../Source/intersection.cpp:3:0:
../Source/../../../../../Carlos LL/LinkedList.h: In member function ‘void LinkedList<T>::print()’:
../Source/../../../../../Carlos LL/LinkedList.h:314:2: error: ‘cout’ was not declared in this scope
  cout << "INICIO ";
  ^
../Source/../../../../../Carlos LL/LinkedList.h:314:2: note: suggested alternative:
In file included from ../Source/intersection.cpp:1:0:
/usr/include/c++/5/iostream:61:18: note:   ‘std::cout’
   extern ostream cout;  /// Linked to standard output
                  ^
In file included from ../Source/intersection.cpp:3:0:
../Source/../../../../../Carlos LL/LinkedList.h:320:19: error: ‘endl’ was not declared in this scope
  cout << "FIN" << endl;
                   ^
../Source/../../../../../Carlos LL/LinkedList.h:320:19: note: suggested alternative:
In file included from /usr/include/c++/5/iostream:39:0,
                 from ../Source/intersection.cpp:1:
/usr/include/c++/5/ostream:590:5: note:   ‘std::endl’
     endl(basic_ostream<_CharT, _Traits>& __os)
     ^
In file included from ../Source/intersection.cpp:3:0:
../Source/../../../../../Carlos LL/LinkedList.h: In member function ‘bool LinkedList<T>::isPalindrome()’:
../Source/../../../../../Carlos LL/LinkedList.h:508:2: error: ‘stack’ was not declared in this scope
  stack<int> pila;
  ^
../Source/../../../../../Carlos LL/LinkedList.h:508:2: note: suggested alternative:
In file included from /usr/include/c++/5/stack:61:0,
                 from ../Source/../../../../../Carlos LL/LinkedList.h:1,
                 from ../Source/intersection.cpp:3:
/usr/include/c++/5/bits/stl_stack.h:99:11: note:   ‘std::stack’
     class stack
           ^
In file included from ../Source/intersection.cpp:3:0:
../Source/../../../../../Carlos LL/LinkedList.h:508:8: error: expected primary-expression before ‘int’
  stack<int> pila;
        ^
../Source/../../../../../Carlos LL/LinkedList.h:512:3: error: ‘pila’ was not declared in this scope
   pila.push(slow->getData());
   ^
../Source/../../../../../Carlos LL/LinkedList.h:524:13: error: ‘pila’ was not declared in this scope
   int top = pila.top();
             ^
../Source/../../../../../Carlos LL/LinkedList.h: In member function ‘void LinkedList<T>::deleteDups()’:
../Source/../../../../../Carlos LL/LinkedList.h:545:2: error: ‘map’ was not declared in this scope
  map<T, bool> hash;
  ^
../Source/../../../../../Carlos LL/LinkedList.h:545:7: error: expected primary-expression before ‘,’ token
  map<T, bool> hash;
       ^
../Source/../../../../../Carlos LL/LinkedList.h:545:9: error: expected primary-expression before ‘bool’
  map<T, bool> hash;
         ^
../Source/../../../../../Carlos LL/LinkedList.h:551:7: error: ‘hash’ was not declared in this scope
   if (hash[act->getData()])
Source/subdir.mk:18: recipe for target 'Source/intersection.o' failed
       ^
make: *** [Source/intersection.o] Error 1
21:44:09 **** Incremental Build of configuration Debug for project Intersection ****
make all 
Building file: ../Source/intersection.cpp
Invoking: GCC C++ Compiler
g++ -O0 -g3 -Wall -c -fmessage-length=0 -MMD -MP -MF"Source/intersection.d" -MT"Source/intersection.d" -o "Source/intersection.o" "../Source/intersection.cpp"
In file included from ../Source/intersection.cpp:3:0:
../Source/../../../../../Carlos LL/LinkedList.h: In member function ‘void LinkedList<T>::print()’:
../Source/../../../../../Carlos LL/LinkedList.h:314:2: error: ‘cout’ was not declared in this scope
  cout << "INICIO ";
  ^
../Source/../../../../../Carlos LL/LinkedList.h:314:2: note: suggested alternative:
In file included from ../Source/intersection.cpp:1:0:
/usr/include/c++/5/iostream:61:18: note:   ‘std::cout’
   extern ostream cout;  /// Linked to standard output
                  ^
In file included from ../Source/intersection.cpp:3:0:
../Source/../../../../../Carlos LL/LinkedList.h:320:19: error: ‘endl’ was not declared in this scope
  cout << "FIN" << endl;
                   ^
../Source/../../../../../Carlos LL/LinkedList.h:320:19: note: suggested alternative:
In file included from /usr/include/c++/5/iostream:39:0,
                 from ../Source/intersection.cpp:1:
/usr/include/c++/5/ostream:590:5: note:   ‘std::endl’
     endl(basic_ostream<_CharT, _Traits>& __os)
     ^
In file included from ../Source/intersection.cpp:3:0:
../Source/../../../../../Carlos LL/LinkedList.h: In member function ‘bool LinkedList<T>::isPalindrome()’:
../Source/../../../../../Carlos LL/LinkedList.h:508:2: error: ‘stack’ was not declared in this scope
  stack<int> pila;
  ^
../Source/../../../../../Carlos LL/LinkedList.h:508:2: note: suggested alternative:
In file included from /usr/include/c++/5/stack:61:0,
                 from ../Source/../../../../../Carlos LL/LinkedList.h:1,
                 from ../Source/intersection.cpp:3:
/usr/include/c++/5/bits/stl_stack.h:99:11: note:   ‘std::stack’
     class stack
           ^
In file included from ../Source/intersection.cpp:3:0:
../Source/../../../../../Carlos LL/LinkedList.h:508:8: error: expected primary-expression before ‘int’
  stack<int> pila;
        ^
../Source/../../../../../Carlos LL/LinkedList.h:512:3: error: ‘pila’ was not declared in this scope
   pila.push(slow->getData());
   ^
../Source/../../../../../Carlos LL/LinkedList.h:524:13: error: ‘pila’ was not declared in this scope
   int top = pila.top();
             ^
../Source/../../../../../Carlos LL/LinkedList.h: In member function ‘void LinkedList<T>::deleteDups()’:
../Source/../../../../../Carlos LL/LinkedList.h:545:2: error: ‘map’ was not declared in this scope
  map<T, bool> hash;
  ^
../Source/../../../../../Carlos LL/LinkedList.h:545:7: error: expected primary-expression before ‘,’ token
  map<T, bool> hash;
       ^
../Source/../../../../../Carlos LL/LinkedList.h:545:9: error: expected primary-expression before ‘bool’
  map<T, bool> hash;
         ^
../Source/../../../../../Carlos LL/LinkedList.h:551:7: error: ‘hash’ was not declared in this scope
Source/subdir.mk:18: recipe for target 'Source/intersection.o' failed
   if (hash[act->getData()])
       ^
make: *** [Source/intersection.o] Error 1
21:44:26 **** Incremental Build of configuration Debug for project Intersection ****
make all 
Building file: ../Source/intersection.cpp
Invoking: GCC C++ Compiler
g++ -O0 -g3 -Wall -c -fmessage-length=0 -MMD -MP -MF"Source/intersection.d" -MT"Source/intersection.d" -o "Source/intersection.o" "../Source/intersection.cpp"
In file included from ../Source/intersection.cpp:6:0:
../Source/../../../../../Carlos LL/LinkedList.h: In member function ‘void LinkedList<T>::deleteDups()’:
../Source/../../../../../Carlos LL/LinkedList.h:545:2: error: ‘map’ was not declared in this scope
  map<T, bool> hash;
  ^
../Source/../../../../../Carlos LL/LinkedList.h:545:7: error: expected primary-expression before ‘,’ token
  map<T, bool> hash;
       ^
../Source/../../../../../Carlos LL/LinkedList.h:545:9: error: expected primary-expression before ‘bool’
  map<T, bool> hash;
         ^
../Source/../../../../../Carlos LL/LinkedList.h:551:7: error: ‘hash’ was not declared in this scope
   if (hash[act->getData()])
       ^
Source/subdir.mk:18: recipe for target 'Source/intersection.o' failed
make: *** [Source/intersection.o] Error 1
21:45:58 **** Incremental Build of configuration Debug for project Intersection ****
make all 
Building file: ../Source/intersection.cpp
Invoking: GCC C++ Compiler
g++ -O0 -g3 -Wall -c -fmessage-length=0 -MMD -MP -MF"Source/intersection.d" -MT"Source/intersection.d" -o "Source/intersection.o" "../Source/intersection.cpp"
Finished building: ../Source/intersection.cpp
 
Building target: Intersection
Invoking: GCC C++ Linker
g++  -o "Intersection"  ./Source/intersection.o   
Finished building target: Intersection
 
21:46:03 **** Incremental Build of configuration Debug for project Intersection ****
make all 
make: Nothing to be done for 'all'.
